<?xml version="1.0" encoding="UTF-8"?>
<testsuite xmlns:xsi="http://www.w3.org/2001/XMLSchema-instance" xsi:noNamespaceSchemaLocation="https://maven.apache.org/surefire/maven-surefire-plugin/xsd/surefire-test-report.xsd" version="3.0.2" name="com.vendor.validator.VendorValidatorApplicationTests" time="3.699" tests="1" errors="0" skipped="0" failures="0">
  <properties>
[...]
</properties>
  <testcase name="contextLoads" classname="com.vendor.validator.VendorValidatorApplicationTests" time="0.77">
    <system-out><![CDATA[09:50:37.472 [main] INFO org.springframework.test.context.support.AnnotationConfigContextLoaderUtils -- Could not detect default configuration classes for test class [com.vendor.validator.VendorValidatorApplicationTests]: VendorValidatorApplicationTests does not declare any static, non-private, non-final, nested classes annotated with @Configuration.
09:50:37.615 [main] INFO org.springframework.boot.test.context.SpringBootTestContextBootstrapper -- Found @SpringBootConfiguration com.vendor.validator.VendorValidatorApplication for test class com.vendor.validator.VendorValidatorApplicationTests
09:50:37.832 [main] INFO org.springframework.boot.devtools.restart.RestartApplicationListener -- Restart disabled due to context in which it is running

  .   ____          _            __ _ _
 /\\ / ___'_ __ _ _(_)_ __  __ _ \ \ \ \
( ( )\___ | '_ | '_| | '_ \/ _` | \ \ \ \
 \\/  ___)| |_)| | | | | || (_| |  ) ) ) )
  '  |____| .__|_| |_|_| |_\__, | / / / /
 =========|_|==============|___/=/_/_/_/

 :: Spring Boot ::                (v3.5.3)

2025-07-25T09:50:38.275+03:00  INFO 17572 --- [vendor-validator] [           main] c.v.v.VendorValidatorApplicationTests    : Starting VendorValidatorApplicationTests using Java 24.0.1 with PID 17572 (started by TONY in C:\xampp\htdocs\G13)
2025-07-25T09:50:38.282+03:00 DEBUG 17572 --- [vendor-validator] [           main] c.v.v.VendorValidatorApplicationTests    : Running with Spring Boot v3.5.3, Spring v6.2.8
2025-07-25T09:50:38.283+03:00  INFO 17572 --- [vendor-validator] [           main] c.v.v.VendorValidatorApplicationTests    : No active profile set, falling back to 1 default profile: "default"
2025-07-25T09:50:40.198+03:00  INFO 17572 --- [vendor-validator] [           main] c.v.v.VendorValidatorApplicationTests    : Started VendorValidatorApplicationTests in 2.383 seconds (process running for 3.608)
]]></system-out>
    <system-err><![CDATA[Mockito is currently self-attaching to enable the inline-mock-maker. This will no longer work in future releases of the JDK. Please add Mockito as an agent to your build as described in Mockito's documentation: https://javadoc.io/doc/org.mockito/mockito-core/latest/org.mockito/org/mockito/Mockito.html#0.3
WARNING: A Java agent has been loaded dynamically (C:\Users\user\.m2\repository\net\bytebuddy\byte-buddy-agent\1.17.6\byte-buddy-agent-1.17.6.jar)
WARNING: If a serviceability tool is in use, please run with -XX:+EnableDynamicAgentLoading to hide this warning
WARNING: If a serviceability tool is not in use, please run with -Djdk.instrument.traceUsage for more information
WARNING: Dynamic loading of agents will be disallowed by default in a future release
]]></system-err>
  </testcase>
</testsuite>